<?xml version="1.0" encoding="UTF-8" standalone="no"?>
<!DOCTYPE log SYSTEM "logger.dtd">
<log>
<record>
  <date>2021-11-22T17:16:29</date>
  <millis>1637594189826</millis>
  <sequence>0</sequence>
  <logger>com.pb.vynohradova_oksana.hw9.FileNumbers</logger>
  <level>FINER</level>
  <class>com.pb.vynohradova_oksana.hw9.FileNumbers</class>
  <method>createNumbersFile</method>
  <thread>1</thread>
  <message>ENTRY</message>
</record>
<record>
  <date>2021-11-22T17:16:29</date>
  <millis>1637594189837</millis>
  <sequence>1</sequence>
  <logger>com.pb.vynohradova_oksana.hw9.FileNumbers</logger>
  <level>FINER</level>
  <class>com.pb.vynohradova_oksana.hw9.FileNumbers</class>
  <method>createNumbersFile</method>
  <thread>1</thread>
  <message>RETURN</message>
</record>
</log>
